Build started 29.12.2020 21:56:20.
     1>Project "C:\Users\skie2\OneDrive\документы\visual studio 2010\Projects\Travel to hell\Travel to hell\Travel to hell.vcxproj" on node 2 (build target(s)).
     1>InitializeBuildStatus:
         Touching "Debug\Travel to hell.unsuccessfulbuild".
       GenerateTargetFrameworkMonikerAttribute:
       Skipping target "GenerateTargetFrameworkMonikerAttribute" because all output files are up-to-date with respect to the input files.
       ClCompile:
         C:\Program Files (x86)\Microsoft Visual Studio 10.0\VC\bin\CL.exe /c /AI"C:\Program Files (x86)\Reference Assemblies\Microsoft\Framework\.NETFramework\v4.0" /Zi /clr:pure /nologo /W3 /WX- /Od /Oy- /D WIN32 /D _DEBUG /D _UNICODE /D UNICODE /EHa /MDd /GS /fp:precise /Zc:wchar_t /Zc:forScope /Yu"StdAfx.h" /Fp"Debug\Travel to hell.pch" /Fo"Debug\\" /Fd"Debug\vc100.pdb" /TP /FU"C:\Program Files (x86)\Reference Assemblies\Microsoft\Framework\.NETFramework\v4.0\System.Core.dll" /FU"C:\Program Files (x86)\Reference Assemblies\Microsoft\Framework\.NETFramework\v4.0\System.Data.dll" /FU"C:\Program Files (x86)\Reference Assemblies\Microsoft\Framework\.NETFramework\v4.0\System.dll" /FU"C:\Program Files (x86)\Reference Assemblies\Microsoft\Framework\.NETFramework\v4.0\System.Drawing.dll" /FU"C:\Program Files (x86)\Reference Assemblies\Microsoft\Framework\.NETFramework\v4.0\System.Windows.Forms.dll" /FU"C:\Program Files (x86)\Reference Assemblies\Microsoft\Framework\.NETFramework\v4.0\System.Xml.dll" /analyze- /errorReport:prompt CustomExpressionEvaluator.cpp Designer.cpp Employee.cpp ExpressionEvaluator.cpp Multiplier.cpp Photographer.cpp Subtractor.cpp "Travel to hell.cpp" /clr:nostdlib 
         CustomExpressionEvaluator.cpp
     1>CustomExpressionEvaluator.cpp(108): fatal error C1010: unexpected end of file while looking for precompiled header. Did you forget to add '#include "StdAfx.h"' to your source?
         Designer.cpp
     1>Designer.cpp(70): fatal error C1010: unexpected end of file while looking for precompiled header. Did you forget to add '#include "StdAfx.h"' to your source?
         Employee.cpp
     1>Employee.cpp(87): fatal error C1010: unexpected end of file while looking for precompiled header. Did you forget to add '#include "StdAfx.h"' to your source?
         ExpressionEvaluator.cpp
     1>ExpressionEvaluator.cpp(57): fatal error C1010: unexpected end of file while looking for precompiled header. Did you forget to add '#include "StdAfx.h"' to your source?
         Multiplier.cpp
     1>Multiplier.cpp(51): fatal error C1010: unexpected end of file while looking for precompiled header. Did you forget to add '#include "StdAfx.h"' to your source?
         Photographer.cpp
     1>Photographer.cpp(80): fatal error C1010: unexpected end of file while looking for precompiled header. Did you forget to add '#include "StdAfx.h"' to your source?
         Subtractor.cpp
     1>Subtractor.cpp(88): fatal error C1010: unexpected end of file while looking for precompiled header. Did you forget to add '#include "StdAfx.h"' to your source?
         Travel to hell.cpp
     1>Travel to hell.cpp(114): fatal error C1010: unexpected end of file while looking for precompiled header. Did you forget to add '#include "StdAfx.h"' to your source?
         Generating Code...
     1>Done Building Project "C:\Users\skie2\OneDrive\документы\visual studio 2010\Projects\Travel to hell\Travel to hell\Travel to hell.vcxproj" (build target(s)) -- FAILED.

Build FAILED.

Time Elapsed 00:00:00.61
